TN:
SF:src/modules/appointments/services/CreateAppointmentService.ts
FN:73,__decorate
FN:73,__metadata
FN:73,__param
FN:73,__awaiter
FN:73,adopt
FN:73,fulfilled
FN:73,rejected
FN:73,step
FN:73,__generator
FN:73,sent
FN:73,g.<computed>
FN:73,verb
FN:73,step
FN:73,__importDefault
FN:19,CreateAppointmentService
FN:27,CreateAppointmentService.execute
FNF:16
FNH:14
FNDA:1,__decorate
FNDA:1,__metadata
FNDA:2,__param
FNDA:6,__awaiter
FNDA:3,adopt
FNDA:3,fulfilled
FNDA:0,rejected
FNDA:4,step
FNDA:6,__generator
FNDA:3,sent
FNDA:0,g.<computed>
FNDA:18,verb
FNDA:9,step
FNDA:1,__importDefault
FNDA:5,CreateAppointmentService
FNDA:6,CreateAppointmentService.execute
DA:1,1
DA:2,1
DA:3,1
DA:4,1
DA:5,1
DA:6,1
DA:7,1
DA:8,1
DA:9,1
DA:10,1
DA:11,1
DA:12,1
DA:13,1
DA:14,1
DA:15,1
DA:16,1
DA:17,1
DA:18,1
DA:19,1
DA:20,5
DA:21,5
DA:22,5
DA:23,5
DA:24,5
DA:25,5
DA:26,1
DA:27,1
DA:28,6
DA:29,6
DA:30,6
DA:31,6
DA:32,6
DA:33,6
DA:34,6
DA:35,2
DA:36,2
DA:37,4
DA:38,6
DA:39,1
DA:40,1
DA:41,3
DA:42,6
DA:43,2
DA:44,2
DA:45,2
DA:46,2
DA:47,1
DA:48,1
DA:49,1
DA:50,1
DA:51,6
DA:52,6
DA:53,0
DA:54,0
DA:55,6
DA:56,6
DA:57,6
DA:58,6
DA:59,6
DA:60,6
DA:61,6
DA:62,6
DA:63,6
DA:64,6
DA:65,6
DA:66,6
DA:67,6
DA:68,6
DA:69,6
DA:70,6
DA:71,1
DA:72,1
DA:73,1
LF:73
LH:71
BRDA:73,0,0,1
BRDA:73,1,0,1
BRDA:73,2,0,0
BRDA:73,3,0,0
BRDA:73,4,0,0
BRDA:73,5,0,0
BRDA:73,6,0,1
BRDA:73,7,0,2
BRDA:73,8,0,2
BRDA:73,9,0,6
BRDA:73,10,0,3
BRDA:73,11,0,0
BRDA:73,12,0,6
BRDA:73,13,0,3
BRDA:73,14,0,0
BRDA:73,15,0,4
BRDA:73,16,0,1
BRDA:73,17,0,3
BRDA:73,18,0,6
BRDA:73,19,0,3
BRDA:73,20,0,0
BRDA:73,21,0,18
BRDA:73,22,0,9
BRDA:73,23,0,9
BRDA:73,24,0,0
BRDA:73,25,0,18
BRDA:73,26,0,0
BRDA:73,27,0,0
BRDA:73,28,0,0
BRDA:73,29,0,0
BRDA:73,30,0,9
BRDA:73,31,0,9
BRDA:73,32,0,3
BRDA:73,33,0,0
BRDA:73,34,0,0
BRDA:73,35,0,6
BRDA:73,36,0,0
BRDA:73,37,0,1
BRDA:73,38,0,0
BRDA:73,39,0,0
BRDA:73,40,0,0
BRDA:73,41,0,0
BRDA:73,42,0,9
BRDA:73,43,0,5
BRDA:73,44,0,9
BRDA:73,45,0,6
BRDA:73,46,0,5
BRDA:73,47,0,1
BRDA:73,48,0,0
BRDA:73,49,0,1
BRDA:73,50,0,0
BRDA:18,51,0,1
BRDA:19,52,0,5
BRDA:27,53,0,6
BRDA:73,54,0,6
BRDA:73,55,0,9
BRDA:73,56,0,6
BRDA:34,57,0,2
BRDA:36,58,0,4
BRDA:38,59,0,1
BRDA:40,60,0,3
BRDA:42,61,0,2
BRDA:42,62,0,2
BRDA:46,63,0,1
BRDA:73,64,0,1
BRDA:52,65,0,0
BRDA:73,66,0,1
BRDA:73,67,0,1
BRF:68
BRH:46
end_of_record
TN:
SF:src/modules/appointments/services/ListProviderAppointmentsService.ts
FN:39,__decorate
FN:39,__metadata
FN:39,__param
FN:39,__awaiter
FN:39,adopt
FN:39,fulfilled
FN:39,rejected
FN:39,step
FN:39,__generator
FN:39,sent
FN:39,g.<computed>
FN:39,verb
FN:39,step
FN:15,ListProviderAppointmentsService
FN:20,ListProviderAppointmentsService.execute
FNF:15
FNH:13
FNDA:1,__decorate
FNDA:1,__metadata
FNDA:1,__param
FNDA:1,__awaiter
FNDA:1,adopt
FNDA:1,fulfilled
FNDA:0,rejected
FNDA:2,step
FNDA:1,__generator
FNDA:1,sent
FNDA:0,g.<computed>
FNDA:3,verb
FNDA:2,step
FNDA:1,ListProviderAppointmentsService
FNDA:1,ListProviderAppointmentsService.execute
DA:1,1
DA:2,1
DA:3,1
DA:4,1
DA:5,1
DA:6,1
DA:7,1
DA:8,1
DA:9,1
DA:10,1
DA:11,1
DA:12,1
DA:13,1
DA:14,1
DA:15,1
DA:16,1
DA:17,1
DA:18,1
DA:19,1
DA:20,1
DA:21,1
DA:22,1
DA:23,1
DA:24,1
DA:25,1
DA:26,1
DA:27,1
DA:28,1
DA:29,1
DA:30,1
DA:31,1
DA:32,1
DA:33,1
DA:34,1
DA:35,1
DA:36,1
DA:37,1
DA:38,1
DA:39,1
LF:39
LH:39
BRDA:39,0,0,1
BRDA:39,1,0,1
BRDA:39,2,0,0
BRDA:39,3,0,0
BRDA:39,4,0,0
BRDA:39,5,0,0
BRDA:39,6,0,1
BRDA:39,7,0,1
BRDA:39,8,0,1
BRDA:39,9,0,1
BRDA:39,10,0,1
BRDA:39,11,0,0
BRDA:39,12,0,1
BRDA:39,13,0,1
BRDA:39,14,0,0
BRDA:39,15,0,2
BRDA:39,16,0,1
BRDA:39,17,0,1
BRDA:39,18,0,1
BRDA:39,19,0,1
BRDA:39,20,0,0
BRDA:39,21,0,3
BRDA:39,22,0,2
BRDA:39,23,0,2
BRDA:39,24,0,0
BRDA:39,25,0,4
BRDA:39,26,0,0
BRDA:39,27,0,0
BRDA:39,28,0,0
BRDA:39,29,0,0
BRDA:39,30,0,2
BRDA:39,31,0,2
BRDA:39,32,0,1
BRDA:39,33,0,0
BRDA:39,34,0,0
BRDA:39,35,0,1
BRDA:39,36,0,0
BRDA:39,37,0,0
BRDA:39,38,0,0
BRDA:39,39,0,0
BRDA:39,40,0,0
BRDA:39,41,0,2
BRDA:39,42,0,0
BRDA:39,43,0,2
BRDA:39,44,0,1
BRDA:39,45,0,0
BRDA:39,46,0,1
BRDA:39,47,0,0
BRDA:14,48,0,1
BRDA:15,49,0,1
BRDA:20,50,0,1
BRDA:39,51,0,1
BRDA:39,52,0,2
BRDA:26,53,0,1
BRDA:39,54,0,1
BRF:55
BRH:33
end_of_record
TN:
SF:src/modules/appointments/services/ListProviderDayAvailabilityService.ts
FN:63,__decorate
FN:63,__metadata
FN:63,__param
FN:63,__awaiter
FN:63,adopt
FN:63,fulfilled
FN:63,rejected
FN:63,step
FN:63,__generator
FN:63,sent
FN:63,g.<computed>
FN:63,verb
FN:63,step
FN:17,ListProviderDayAvailabilityService
FN:22,ListProviderDayAvailabilityService.execute
FNF:15
FNH:13
FNDA:1,__decorate
FNDA:1,__metadata
FNDA:1,__param
FNDA:1,__awaiter
FNDA:1,adopt
FNDA:1,fulfilled
FNDA:0,rejected
FNDA:2,step
FNDA:1,__generator
FNDA:1,sent
FNDA:0,g.<computed>
FNDA:3,verb
FNDA:2,step
FNDA:1,ListProviderDayAvailabilityService
FNDA:1,ListProviderDayAvailabilityService.execute
DA:1,1
DA:2,1
DA:3,1
DA:4,1
DA:5,1
DA:6,1
DA:7,1
DA:8,1
DA:9,1
DA:10,1
DA:11,1
DA:12,1
DA:13,1
DA:14,1
DA:15,1
DA:16,1
DA:17,1
DA:18,1
DA:19,1
DA:20,1
DA:21,1
DA:22,1
DA:23,1
DA:24,1
DA:25,1
DA:26,1
DA:27,1
DA:28,1
DA:29,1
DA:30,1
DA:31,1
DA:32,1
DA:33,1
DA:34,1
DA:35,1
DA:36,1
DA:37,1
DA:38,1
DA:39,1
DA:40,1
DA:41,1
DA:42,1
DA:43,1
DA:44,1
DA:45,1
DA:46,1
DA:47,10
DA:48,10
DA:49,10
DA:50,10
DA:51,10
DA:52,10
DA:53,10
DA:54,10
DA:55,10
DA:56,10
DA:57,1
DA:58,1
DA:59,1
DA:60,1
DA:61,1
DA:62,1
DA:63,1
LF:63
LH:63
BRDA:63,0,0,1
BRDA:63,1,0,1
BRDA:63,2,0,0
BRDA:63,3,0,0
BRDA:63,4,0,0
BRDA:63,5,0,0
BRDA:63,6,0,1
BRDA:63,7,0,1
BRDA:63,8,0,1
BRDA:63,9,0,1
BRDA:63,10,0,1
BRDA:63,11,0,0
BRDA:63,12,0,1
BRDA:63,13,0,1
BRDA:63,14,0,0
BRDA:63,15,0,2
BRDA:63,16,0,1
BRDA:63,17,0,1
BRDA:63,18,0,1
BRDA:63,19,0,1
BRDA:63,20,0,0
BRDA:63,21,0,3
BRDA:63,22,0,2
BRDA:63,23,0,2
BRDA:63,24,0,0
BRDA:63,25,0,4
BRDA:63,26,0,0
BRDA:63,27,0,0
BRDA:63,28,0,0
BRDA:63,29,0,0
BRDA:63,30,0,2
BRDA:63,31,0,2
BRDA:63,32,0,1
BRDA:63,33,0,0
BRDA:63,34,0,0
BRDA:63,35,0,1
BRDA:63,36,0,0
BRDA:63,37,0,0
BRDA:63,38,0,0
BRDA:63,39,0,0
BRDA:63,40,0,0
BRDA:63,41,0,2
BRDA:63,42,0,0
BRDA:63,43,0,2
BRDA:63,44,0,1
BRDA:63,45,0,0
BRDA:63,46,0,1
BRDA:63,47,0,0
BRDA:16,48,0,1
BRDA:17,49,0,1
BRDA:22,50,0,1
BRDA:63,51,0,1
BRDA:63,52,0,2
BRDA:28,53,0,1
BRDA:63,54,0,1
BRDA:41,55,0,10
BRDA:46,56,0,10
BRDA:55,57,0,8
BRDA:48,58,0,19
BRF:59
BRH:37
end_of_record
TN:
SF:src/modules/appointments/services/ListProviderMonthAvailabilityService.ts
FN:59,__decorate
FN:59,__metadata
FN:59,__param
FN:59,__awaiter
FN:59,adopt
FN:59,fulfilled
FN:59,rejected
FN:59,step
FN:59,__generator
FN:59,sent
FN:59,g.<computed>
FN:59,verb
FN:59,step
FN:16,ListProviderMonthAvailabilityService
FN:21,ListProviderMonthAvailabilityService.execute
FNF:15
FNH:13
FNDA:1,__decorate
FNDA:1,__metadata
FNDA:1,__param
FNDA:1,__awaiter
FNDA:1,adopt
FNDA:1,fulfilled
FNDA:0,rejected
FNDA:2,step
FNDA:1,__generator
FNDA:1,sent
FNDA:0,g.<computed>
FNDA:3,verb
FNDA:2,step
FNDA:1,ListProviderMonthAvailabilityService
FNDA:1,ListProviderMonthAvailabilityService.execute
DA:1,1
DA:2,1
DA:3,1
DA:4,1
DA:5,1
DA:6,1
DA:7,1
DA:8,1
DA:9,1
DA:10,1
DA:11,1
DA:12,1
DA:13,1
DA:14,1
DA:15,1
DA:16,1
DA:17,1
DA:18,1
DA:19,1
DA:20,1
DA:21,1
DA:22,1
DA:23,1
DA:24,1
DA:25,1
DA:26,1
DA:27,1
DA:28,1
DA:29,1
DA:30,1
DA:31,1
DA:32,1
DA:33,1
DA:34,1
DA:35,1
DA:36,1
DA:37,1
DA:38,1
DA:39,1
DA:40,1
DA:41,1
DA:42,1
DA:43,1
DA:44,1
DA:45,31
DA:46,341
DA:47,31
DA:48,31
DA:49,31
DA:50,31
DA:51,31
DA:52,31
DA:53,1
DA:54,1
DA:55,1
DA:56,1
DA:57,1
DA:58,1
DA:59,1
LF:59
LH:59
BRDA:59,0,0,1
BRDA:59,1,0,1
BRDA:59,2,0,0
BRDA:59,3,0,0
BRDA:59,4,0,0
BRDA:59,5,0,0
BRDA:59,6,0,1
BRDA:59,7,0,1
BRDA:59,8,0,1
BRDA:59,9,0,1
BRDA:59,10,0,1
BRDA:59,11,0,0
BRDA:59,12,0,1
BRDA:59,13,0,1
BRDA:59,14,0,0
BRDA:59,15,0,2
BRDA:59,16,0,1
BRDA:59,17,0,1
BRDA:59,18,0,1
BRDA:59,19,0,1
BRDA:59,20,0,0
BRDA:59,21,0,3
BRDA:59,22,0,2
BRDA:59,23,0,2
BRDA:59,24,0,0
BRDA:59,25,0,4
BRDA:59,26,0,0
BRDA:59,27,0,0
BRDA:59,28,0,0
BRDA:59,29,0,0
BRDA:59,30,0,2
BRDA:59,31,0,2
BRDA:59,32,0,1
BRDA:59,33,0,0
BRDA:59,34,0,0
BRDA:59,35,0,1
BRDA:59,36,0,0
BRDA:59,37,0,0
BRDA:59,38,0,0
BRDA:59,39,0,0
BRDA:59,40,0,0
BRDA:59,41,0,2
BRDA:59,42,0,0
BRDA:59,43,0,2
BRDA:59,44,0,1
BRDA:59,45,0,0
BRDA:59,46,0,1
BRDA:59,47,0,0
BRDA:15,48,0,1
BRDA:16,49,0,1
BRDA:21,50,0,1
BRDA:59,51,0,1
BRDA:59,52,0,2
BRDA:26,53,0,1
BRDA:59,54,0,1
BRDA:39,55,0,31
BRDA:44,56,0,31
BRDA:45,57,0,341
BRF:58
BRH:36
end_of_record
TN:
SF:src/modules/appointments/services/ListProvidersService.ts
FN:26,__decorate
FN:26,__metadata
FN:26,__param
FN:26,__awaiter
FN:26,adopt
FN:26,fulfilled
FN:26,rejected
FN:26,step
FN:26,__generator
FN:26,sent
FN:26,g.<computed>
FN:26,verb
FN:26,step
FN:12,ListProvidersService
FN:17,ListProvidersService.execute
FNF:15
FNH:13
FNDA:1,__decorate
FNDA:1,__metadata
FNDA:1,__param
FNDA:1,__awaiter
FNDA:1,adopt
FNDA:1,fulfilled
FNDA:0,rejected
FNDA:2,step
FNDA:1,__generator
FNDA:1,sent
FNDA:0,g.<computed>
FNDA:3,verb
FNDA:2,step
FNDA:1,ListProvidersService
FNDA:1,ListProvidersService.execute
DA:1,1
DA:2,1
DA:3,1
DA:4,1
DA:5,1
DA:6,1
DA:7,1
DA:8,1
DA:9,1
DA:10,1
DA:11,1
DA:12,1
DA:13,1
DA:14,1
DA:15,1
DA:16,1
DA:17,1
DA:18,1
DA:19,1
DA:20,1
DA:21,1
DA:22,1
DA:23,1
DA:24,1
DA:25,1
DA:26,1
LF:26
LH:26
BRDA:26,0,0,1
BRDA:26,1,0,1
BRDA:26,2,0,0
BRDA:26,3,0,0
BRDA:26,4,0,0
BRDA:26,5,0,0
BRDA:26,6,0,1
BRDA:26,7,0,1
BRDA:26,8,0,1
BRDA:26,9,0,1
BRDA:26,10,0,1
BRDA:26,11,0,0
BRDA:26,12,0,1
BRDA:26,13,0,1
BRDA:26,14,0,0
BRDA:26,15,0,2
BRDA:26,16,0,1
BRDA:26,17,0,1
BRDA:26,18,0,1
BRDA:26,19,0,1
BRDA:26,20,0,0
BRDA:26,21,0,3
BRDA:26,22,0,2
BRDA:26,23,0,2
BRDA:26,24,0,0
BRDA:26,25,0,4
BRDA:26,26,0,0
BRDA:26,27,0,0
BRDA:26,28,0,0
BRDA:26,29,0,0
BRDA:26,30,0,2
BRDA:26,31,0,2
BRDA:26,32,0,1
BRDA:26,33,0,0
BRDA:26,34,0,0
BRDA:26,35,0,1
BRDA:26,36,0,0
BRDA:26,37,0,0
BRDA:26,38,0,0
BRDA:26,39,0,0
BRDA:26,40,0,0
BRDA:26,41,0,2
BRDA:26,42,0,0
BRDA:26,43,0,2
BRDA:26,44,0,1
BRDA:26,45,0,0
BRDA:26,46,0,1
BRDA:26,47,0,0
BRDA:11,48,0,1
BRDA:12,49,0,1
BRDA:17,50,0,1
BRDA:26,51,0,1
BRDA:26,52,0,2
BRDA:18,53,0,1
BRDA:26,54,0,1
BRF:55
BRH:33
end_of_record
TN:
SF:src/modules/users/services/AuthenticateUserService.ts
FN:57,__decorate
FN:57,__metadata
FN:57,__param
FN:57,__awaiter
FN:57,adopt
FN:57,fulfilled
FN:57,rejected
FN:57,step
FN:57,__generator
FN:57,sent
FN:57,g.<computed>
FN:57,verb
FN:57,step
FN:57,__importDefault
FN:20,AuthenticateUserService
FN:28,AuthenticateUserService.execute
FNF:16
FNH:14
FNDA:1,__decorate
FNDA:1,__metadata
FNDA:2,__param
FNDA:3,__awaiter
FNDA:5,adopt
FNDA:5,fulfilled
FNDA:0,rejected
FNDA:6,step
FNDA:3,__generator
FNDA:5,sent
FNDA:0,g.<computed>
FNDA:9,verb
FNDA:8,step
FNDA:2,__importDefault
FNDA:3,AuthenticateUserService
FNDA:3,AuthenticateUserService.execute
DA:1,1
DA:2,1
DA:3,1
DA:4,1
DA:5,1
DA:6,1
DA:7,1
DA:8,1
DA:9,1
DA:10,1
DA:11,1
DA:12,1
DA:13,1
DA:14,1
DA:15,1
DA:16,1
DA:17,1
DA:18,1
DA:19,1
DA:20,1
DA:21,3
DA:22,3
DA:23,3
DA:24,3
DA:25,3
DA:26,3
DA:27,1
DA:28,1
DA:29,3
DA:30,3
DA:31,3
DA:32,1
DA:33,1
DA:34,2
DA:35,2
DA:36,2
DA:37,2
DA:38,2
DA:39,3
DA:40,3
DA:41,1
DA:42,1
DA:43,1
DA:44,1
DA:45,1
DA:46,1
DA:47,1
DA:48,1
DA:49,1
DA:50,1
DA:51,1
DA:52,1
DA:53,1
DA:54,3
DA:55,1
DA:56,1
DA:57,1
LF:57
LH:57
BRDA:57,0,0,1
BRDA:57,1,0,1
BRDA:57,2,0,0
BRDA:57,3,0,0
BRDA:57,4,0,0
BRDA:57,5,0,0
BRDA:57,6,0,1
BRDA:57,7,0,2
BRDA:57,8,0,2
BRDA:57,9,0,3
BRDA:57,10,0,5
BRDA:57,11,0,0
BRDA:57,12,0,3
BRDA:57,13,0,5
BRDA:57,14,0,2
BRDA:57,15,0,6
BRDA:57,16,0,1
BRDA:57,17,0,5
BRDA:57,18,0,3
BRDA:57,19,0,5
BRDA:57,20,0,0
BRDA:57,21,0,9
BRDA:57,22,0,8
BRDA:57,23,0,8
BRDA:57,24,0,0
BRDA:57,25,0,16
BRDA:57,26,0,0
BRDA:57,27,0,0
BRDA:57,28,0,0
BRDA:57,29,0,0
BRDA:57,30,0,8
BRDA:57,31,0,8
BRDA:57,32,0,5
BRDA:57,33,0,0
BRDA:57,34,0,0
BRDA:57,35,0,3
BRDA:57,36,0,0
BRDA:57,37,0,1
BRDA:57,38,0,0
BRDA:57,39,0,0
BRDA:57,40,0,0
BRDA:57,41,0,0
BRDA:57,42,0,8
BRDA:57,43,0,2
BRDA:57,44,0,8
BRDA:57,45,0,3
BRDA:57,46,0,2
BRDA:57,47,0,1
BRDA:57,48,0,0
BRDA:57,49,0,2
BRDA:57,50,0,0
BRDA:19,51,0,1
BRDA:20,52,0,3
BRDA:28,53,0,3
BRDA:57,54,0,3
BRDA:57,55,0,8
BRDA:29,56,0,3
BRDA:57,57,0,3
BRDA:31,58,0,1
BRDA:33,59,0,2
BRDA:57,60,0,2
BRDA:40,61,0,1
BRF:62
BRH:42
end_of_record
TN:
SF:src/modules/users/services/CreateUserService.ts
FN:42,__decorate
FN:42,__metadata
FN:42,__param
FN:42,__awaiter
FN:42,adopt
FN:42,fulfilled
FN:42,rejected
FN:42,step
FN:42,__generator
FN:42,sent
FN:42,g.<computed>
FN:42,verb
FN:42,step
FN:42,__importDefault
FN:15,CreateUserService
FN:23,CreateUserService.execute
FNF:16
FNH:14
FNDA:1,__decorate
FNDA:1,__metadata
FNDA:2,__param
FNDA:2,__awaiter
FNDA:6,adopt
FNDA:6,fulfilled
FNDA:0,rejected
FNDA:8,step
FNDA:2,__generator
FNDA:6,sent
FNDA:0,g.<computed>
FNDA:6,verb
FNDA:8,step
FNDA:1,__importDefault
FNDA:3,CreateUserService
FNDA:2,CreateUserService.execute
DA:1,1
DA:2,1
DA:3,1
DA:4,1
DA:5,1
DA:6,1
DA:7,1
DA:8,1
DA:9,1
DA:10,1
DA:11,1
DA:12,1
DA:13,1
DA:14,1
DA:15,1
DA:16,3
DA:17,3
DA:18,3
DA:19,3
DA:20,3
DA:21,3
DA:22,1
DA:23,1
DA:24,2
DA:25,2
DA:26,2
DA:27,0
DA:28,0
DA:29,2
DA:30,2
DA:31,2
DA:32,2
DA:33,2
DA:34,2
DA:35,2
DA:36,2
DA:37,2
DA:38,2
DA:39,2
DA:40,1
DA:41,1
DA:42,1
LF:42
LH:40
BRDA:42,0,0,1
BRDA:42,1,0,1
BRDA:42,2,0,0
BRDA:42,3,0,0
BRDA:42,4,0,0
BRDA:42,5,0,0
BRDA:42,6,0,1
BRDA:42,7,0,2
BRDA:42,8,0,2
BRDA:42,9,0,2
BRDA:42,10,0,6
BRDA:42,11,0,0
BRDA:42,12,0,2
BRDA:42,13,0,6
BRDA:42,14,0,0
BRDA:42,15,0,8
BRDA:42,16,0,2
BRDA:42,17,0,6
BRDA:42,18,0,2
BRDA:42,19,0,6
BRDA:42,20,0,0
BRDA:42,21,0,6
BRDA:42,22,0,8
BRDA:42,23,0,8
BRDA:42,24,0,0
BRDA:42,25,0,16
BRDA:42,26,0,0
BRDA:42,27,0,0
BRDA:42,28,0,0
BRDA:42,29,0,0
BRDA:42,30,0,8
BRDA:42,31,0,8
BRDA:42,32,0,6
BRDA:42,33,0,0
BRDA:42,34,0,0
BRDA:42,35,0,2
BRDA:42,36,0,0
BRDA:42,37,0,0
BRDA:42,38,0,0
BRDA:42,39,0,0
BRDA:42,40,0,0
BRDA:42,41,0,8
BRDA:42,42,0,0
BRDA:42,43,0,8
BRDA:42,44,0,2
BRDA:42,45,0,0
BRDA:42,46,0,2
BRDA:42,47,0,0
BRDA:42,48,0,1
BRDA:42,49,0,0
BRDA:14,50,0,1
BRDA:15,51,0,3
BRDA:23,52,0,2
BRDA:42,53,0,2
BRDA:42,54,0,8
BRDA:24,55,0,2
BRDA:42,56,0,2
BRDA:26,57,0,0
BRDA:42,58,0,2
BRDA:42,59,0,2
BRF:60
BRH:36
end_of_record
TN:
SF:src/modules/users/services/ResetPasswordService.ts
FN:57,__decorate
FN:57,__metadata
FN:57,__param
FN:57,__awaiter
FN:57,adopt
FN:57,fulfilled
FN:57,rejected
FN:57,step
FN:57,__generator
FN:57,sent
FN:57,g.<computed>
FN:57,verb
FN:57,step
FN:57,__importDefault
FN:16,ResetPasswordService
FN:27,ResetPasswordService.execute
FNF:16
FNH:14
FNDA:1,__decorate
FNDA:1,__metadata
FNDA:3,__param
FNDA:4,__awaiter
FNDA:9,adopt
FNDA:9,fulfilled
FNDA:0,rejected
FNDA:10,step
FNDA:4,__generator
FNDA:9,sent
FNDA:0,g.<computed>
FNDA:12,verb
FNDA:13,step
FNDA:1,__importDefault
FNDA:4,ResetPasswordService
FNDA:4,ResetPasswordService.execute
DA:1,1
DA:2,1
DA:3,1
DA:4,1
DA:5,1
DA:6,1
DA:7,1
DA:8,1
DA:9,1
DA:10,1
DA:11,1
DA:12,1
DA:13,1
DA:14,1
DA:15,1
DA:16,1
DA:17,4
DA:18,4
DA:19,4
DA:20,4
DA:21,4
DA:22,4
DA:23,4
DA:24,4
DA:25,4
DA:26,1
DA:27,1
DA:28,4
DA:29,4
DA:30,4
DA:31,1
DA:32,1
DA:33,3
DA:34,3
DA:35,4
DA:36,4
DA:37,1
DA:38,1
DA:39,2
DA:40,2
DA:41,2
DA:42,2
DA:43,4
DA:44,1
DA:45,1
DA:46,1
DA:47,1
DA:48,1
DA:49,1
DA:50,1
DA:51,1
DA:52,4
DA:53,4
DA:54,4
DA:55,1
DA:56,1
DA:57,1
LF:57
LH:57
BRDA:57,0,0,1
BRDA:57,1,0,1
BRDA:57,2,0,0
BRDA:57,3,0,0
BRDA:57,4,0,0
BRDA:57,5,0,0
BRDA:57,6,0,1
BRDA:57,7,0,3
BRDA:57,8,0,3
BRDA:57,9,0,4
BRDA:57,10,0,9
BRDA:57,11,0,0
BRDA:57,12,0,4
BRDA:57,13,0,9
BRDA:57,14,0,3
BRDA:57,15,0,10
BRDA:57,16,0,1
BRDA:57,17,0,9
BRDA:57,18,0,4
BRDA:57,19,0,9
BRDA:57,20,0,0
BRDA:57,21,0,12
BRDA:57,22,0,13
BRDA:57,23,0,13
BRDA:57,24,0,0
BRDA:57,25,0,26
BRDA:57,26,0,0
BRDA:57,27,0,0
BRDA:57,28,0,0
BRDA:57,29,0,0
BRDA:57,30,0,13
BRDA:57,31,0,13
BRDA:57,32,0,9
BRDA:57,33,0,0
BRDA:57,34,0,0
BRDA:57,35,0,4
BRDA:57,36,0,0
BRDA:57,37,0,1
BRDA:57,38,0,0
BRDA:57,39,0,0
BRDA:57,40,0,0
BRDA:57,41,0,0
BRDA:57,42,0,13
BRDA:57,43,0,3
BRDA:57,44,0,13
BRDA:57,45,0,4
BRDA:57,46,0,3
BRDA:57,47,0,1
BRDA:57,48,0,0
BRDA:57,49,0,1
BRDA:57,50,0,0
BRDA:15,51,0,1
BRDA:16,52,0,4
BRDA:27,53,0,4
BRDA:57,54,0,4
BRDA:57,55,0,13
BRDA:28,56,0,4
BRDA:57,57,0,4
BRDA:30,58,0,1
BRDA:32,59,0,3
BRDA:57,60,0,3
BRDA:36,61,0,1
BRDA:38,62,0,2
BRDA:43,63,0,1
BRDA:57,64,0,1
BRDA:57,65,0,1
BRF:66
BRH:46
end_of_record
TN:
SF:src/modules/users/services/SendForgotPasswordEmailService.ts
FN:59,__decorate
FN:59,__metadata
FN:59,__param
FN:59,__awaiter
FN:59,adopt
FN:59,fulfilled
FN:59,rejected
FN:59,step
FN:59,__generator
FN:59,sent
FN:59,g.<computed>
FN:59,verb
FN:59,step
FN:59,__importDefault
FN:15,SendForgotPasswordEmailService
FN:26,SendForgotPasswordEmailService.execute
FNF:16
FNH:14
FNDA:1,__decorate
FNDA:1,__metadata
FNDA:3,__param
FNDA:3,__awaiter
FNDA:7,adopt
FNDA:7,fulfilled
FNDA:0,rejected
FNDA:9,step
FNDA:3,__generator
FNDA:7,sent
FNDA:0,g.<computed>
FNDA:9,verb
FNDA:10,step
FNDA:2,__importDefault
FNDA:3,SendForgotPasswordEmailService
FNDA:3,SendForgotPasswordEmailService.execute
DA:1,1
DA:2,1
DA:3,1
DA:4,1
DA:5,1
DA:6,1
DA:7,1
DA:8,1
DA:9,1
DA:10,1
DA:11,1
DA:12,1
DA:13,1
DA:14,1
DA:15,1
DA:16,3
DA:17,3
DA:18,3
DA:19,3
DA:20,3
DA:21,3
DA:22,3
DA:23,3
DA:24,3
DA:25,1
DA:26,1
DA:27,3
DA:28,3
DA:29,3
DA:30,1
DA:31,1
DA:32,2
DA:33,2
DA:34,3
DA:35,3
DA:36,3
DA:37,3
DA:38,3
DA:39,3
DA:40,3
DA:41,3
DA:42,3
DA:43,3
DA:44,3
DA:45,3
DA:46,3
DA:47,3
DA:48,3
DA:49,3
DA:50,3
DA:51,3
DA:52,3
DA:53,3
DA:54,3
DA:55,3
DA:56,3
DA:57,1
DA:58,1
DA:59,1
LF:59
LH:59
BRDA:59,0,0,1
BRDA:59,1,0,1
BRDA:59,2,0,0
BRDA:59,3,0,0
BRDA:59,4,0,0
BRDA:59,5,0,0
BRDA:59,6,0,1
BRDA:59,7,0,3
BRDA:59,8,0,3
BRDA:59,9,0,3
BRDA:59,10,0,7
BRDA:59,11,0,0
BRDA:59,12,0,3
BRDA:59,13,0,7
BRDA:59,14,0,1
BRDA:59,15,0,9
BRDA:59,16,0,2
BRDA:59,17,0,7
BRDA:59,18,0,3
BRDA:59,19,0,7
BRDA:59,20,0,0
BRDA:59,21,0,9
BRDA:59,22,0,10
BRDA:59,23,0,10
BRDA:59,24,0,0
BRDA:59,25,0,20
BRDA:59,26,0,0
BRDA:59,27,0,0
BRDA:59,28,0,0
BRDA:59,29,0,0
BRDA:59,30,0,10
BRDA:59,31,0,10
BRDA:59,32,0,7
BRDA:59,33,0,0
BRDA:59,34,0,0
BRDA:59,35,0,3
BRDA:59,36,0,0
BRDA:59,37,0,2
BRDA:59,38,0,0
BRDA:59,39,0,0
BRDA:59,40,0,0
BRDA:59,41,0,0
BRDA:59,42,0,10
BRDA:59,43,0,1
BRDA:59,44,0,10
BRDA:59,45,0,3
BRDA:59,46,0,1
BRDA:59,47,0,2
BRDA:59,48,0,0
BRDA:59,49,0,2
BRDA:59,50,0,1
BRDA:59,51,0,1
BRDA:14,52,0,1
BRDA:15,53,0,3
BRDA:26,54,0,3
BRDA:59,55,0,3
BRDA:59,56,0,10
BRDA:27,57,0,3
BRDA:59,58,0,3
BRDA:29,59,0,1
BRDA:31,60,0,2
BRDA:59,61,0,2
BRDA:59,62,0,2
BRF:63
BRH:44
end_of_record
TN:
SF:src/modules/users/services/ShowProfileService.ts
FN:29,__decorate
FN:29,__metadata
FN:29,__param
FN:29,__awaiter
FN:29,adopt
FN:29,fulfilled
FN:29,rejected
FN:29,step
FN:29,__generator
FN:29,sent
FN:29,g.<computed>
FN:29,verb
FN:29,step
FN:29,__importDefault
FN:13,ShowProfileService
FN:18,ShowProfileService.execute
FNF:16
FNH:14
FNDA:1,__decorate
FNDA:1,__metadata
FNDA:1,__param
FNDA:2,__awaiter
FNDA:2,adopt
FNDA:2,fulfilled
FNDA:0,rejected
FNDA:3,step
FNDA:2,__generator
FNDA:2,sent
FNDA:0,g.<computed>
FNDA:6,verb
FNDA:4,step
FNDA:1,__importDefault
FNDA:2,ShowProfileService
FNDA:2,ShowProfileService.execute
DA:1,1
DA:2,1
DA:3,1
DA:4,1
DA:5,1
DA:6,1
DA:7,1
DA:8,1
DA:9,1
DA:10,1
DA:11,1
DA:12,1
DA:13,1
DA:14,2
DA:15,2
DA:16,2
DA:17,1
DA:18,1
DA:19,2
DA:20,2
DA:21,2
DA:22,1
DA:23,1
DA:24,1
DA:25,1
DA:26,2
DA:27,1
DA:28,1
DA:29,1
LF:29
LH:29
BRDA:29,0,0,1
BRDA:29,1,0,1
BRDA:29,2,0,0
BRDA:29,3,0,0
BRDA:29,4,0,0
BRDA:29,5,0,0
BRDA:29,6,0,1
BRDA:29,7,0,1
BRDA:29,8,0,1
BRDA:29,9,0,2
BRDA:29,10,0,2
BRDA:29,11,0,0
BRDA:29,12,0,2
BRDA:29,13,0,2
BRDA:29,14,0,1
BRDA:29,15,0,3
BRDA:29,16,0,1
BRDA:29,17,0,2
BRDA:29,18,0,2
BRDA:29,19,0,2
BRDA:29,20,0,0
BRDA:29,21,0,6
BRDA:29,22,0,4
BRDA:29,23,0,4
BRDA:29,24,0,0
BRDA:29,25,0,8
BRDA:29,26,0,0
BRDA:29,27,0,0
BRDA:29,28,0,0
BRDA:29,29,0,0
BRDA:29,30,0,4
BRDA:29,31,0,4
BRDA:29,32,0,2
BRDA:29,33,0,0
BRDA:29,34,0,0
BRDA:29,35,0,2
BRDA:29,36,0,0
BRDA:29,37,0,1
BRDA:29,38,0,0
BRDA:29,39,0,0
BRDA:29,40,0,0
BRDA:29,41,0,0
BRDA:29,42,0,4
BRDA:29,43,0,1
BRDA:29,44,0,4
BRDA:29,45,0,2
BRDA:29,46,0,1
BRDA:29,47,0,0
BRDA:29,48,0,1
BRDA:29,49,0,0
BRDA:12,50,0,1
BRDA:13,51,0,2
BRDA:18,52,0,2
BRDA:29,53,0,2
BRDA:29,54,0,4
BRDA:19,55,0,2
BRDA:29,56,0,2
BRDA:21,57,0,1
BRF:58
BRH:38
end_of_record
TN:
SF:src/modules/users/services/UpdateProfileService.ts
FN:70,__decorate
FN:70,__metadata
FN:70,__param
FN:70,__awaiter
FN:70,adopt
FN:70,fulfilled
FN:70,rejected
FN:70,step
FN:70,__generator
FN:70,sent
FN:70,g.<computed>
FN:70,verb
FN:70,step
FN:70,__importDefault
FN:18,UpdateProfileService
FN:26,UpdateProfileService.execute
FNF:16
FNH:14
FNDA:1,__decorate
FNDA:1,__metadata
FNDA:2,__param
FNDA:6,__awaiter
FNDA:14,adopt
FNDA:14,fulfilled
FNDA:0,rejected
FNDA:16,step
FNDA:6,__generator
FNDA:14,sent
FNDA:0,g.<computed>
FNDA:18,verb
FNDA:20,step
FNDA:1,__importDefault
FNDA:6,UpdateProfileService
FNDA:6,UpdateProfileService.execute
DA:1,1
DA:2,1
DA:3,1
DA:4,1
DA:5,1
DA:6,1
DA:7,1
DA:8,1
DA:9,1
DA:10,1
DA:11,1
DA:12,1
DA:13,1
DA:14,1
DA:15,1
DA:16,1
DA:17,1
DA:18,1
DA:19,6
DA:20,6
DA:21,6
DA:22,6
DA:23,6
DA:24,6
DA:25,1
DA:26,1
DA:27,6
DA:28,6
DA:29,6
DA:30,6
DA:31,6
DA:32,6
DA:33,6
DA:34,6
DA:35,6
DA:36,1
DA:37,1
DA:38,5
DA:39,5
DA:40,6
DA:41,6
DA:42,1
DA:43,1
DA:44,4
DA:45,4
DA:46,4
DA:47,4
DA:48,6
DA:49,1
DA:50,1
DA:51,1
DA:52,1
DA:53,3
DA:54,6
DA:55,2
DA:56,2
DA:57,2
DA:58,2
DA:59,6
DA:60,6
DA:61,1
DA:62,1
DA:63,1
DA:64,6
DA:65,6
DA:66,6
DA:67,6
DA:68,1
DA:69,1
DA:70,1
LF:70
LH:70
BRDA:70,0,0,1
BRDA:70,1,0,1
BRDA:70,2,0,0
BRDA:70,3,0,0
BRDA:70,4,0,0
BRDA:70,5,0,0
BRDA:70,6,0,1
BRDA:70,7,0,2
BRDA:70,8,0,2
BRDA:70,9,0,6
BRDA:70,10,0,14
BRDA:70,11,0,0
BRDA:70,12,0,6
BRDA:70,13,0,14
BRDA:70,14,0,4
BRDA:70,15,0,16
BRDA:70,16,0,2
BRDA:70,17,0,14
BRDA:70,18,0,6
BRDA:70,19,0,14
BRDA:70,20,0,0
BRDA:70,21,0,18
BRDA:70,22,0,20
BRDA:70,23,0,20
BRDA:70,24,0,0
BRDA:70,25,0,41
BRDA:70,26,0,0
BRDA:70,27,0,0
BRDA:70,28,0,0
BRDA:70,29,0,0
BRDA:70,30,0,20
BRDA:70,31,0,20
BRDA:70,32,0,14
BRDA:70,33,0,0
BRDA:70,34,0,0
BRDA:70,35,0,7
BRDA:70,36,0,0
BRDA:70,37,0,3
BRDA:70,38,0,6
BRDA:70,39,0,1
BRDA:70,40,0,0
BRDA:70,41,0,1
BRDA:70,42,0,0
BRDA:70,43,0,0
BRDA:70,44,0,0
BRDA:70,45,0,21
BRDA:70,46,0,4
BRDA:70,47,0,21
BRDA:70,48,0,6
BRDA:70,49,0,4
BRDA:70,50,0,2
BRDA:70,51,0,0
BRDA:70,52,0,1
BRDA:70,53,0,0
BRDA:17,54,0,1
BRDA:18,55,0,6
BRDA:26,56,0,6
BRDA:70,57,0,6
BRDA:70,58,0,21
BRDA:33,59,0,6
BRDA:70,60,0,6
BRDA:35,61,0,1
BRDA:37,62,0,5
BRDA:70,63,0,5
BRDA:41,64,0,1
BRDA:41,65,0,1
BRDA:43,66,0,4
BRDA:48,67,0,3
BRDA:48,68,0,1
BRDA:52,69,0,3
BRDA:54,70,0,2
BRDA:54,71,0,1
BRDA:54,72,0,2
BRDA:70,73,0,2
BRDA:60,74,0,1
BRDA:70,75,0,1
BRDA:66,76,0,2
BRF:77
BRH:57
end_of_record
TN:
SF:src/modules/users/services/UpdateUserAvatarService.ts
FN:44,__decorate
FN:44,__metadata
FN:44,__param
FN:44,__awaiter
FN:44,adopt
FN:44,fulfilled
FN:44,rejected
FN:44,step
FN:44,__generator
FN:44,sent
FN:44,g.<computed>
FN:44,verb
FN:44,step
FN:44,__importDefault
FN:14,UpdateUserAvatarService
FN:22,UpdateUserAvatarService.execute
FNF:16
FNH:14
FNDA:1,__decorate
FNDA:1,__metadata
FNDA:2,__param
FNDA:4,__awaiter
FNDA:11,adopt
FNDA:11,fulfilled
FNDA:0,rejected
FNDA:14,step
FNDA:4,__generator
FNDA:11,sent
FNDA:0,g.<computed>
FNDA:12,verb
FNDA:15,step
FNDA:1,__importDefault
FNDA:3,UpdateUserAvatarService
FNDA:4,UpdateUserAvatarService.execute
DA:1,1
DA:2,1
DA:3,1
DA:4,1
DA:5,1
DA:6,1
DA:7,1
DA:8,1
DA:9,1
DA:10,1
DA:11,1
DA:12,1
DA:13,1
DA:14,1
DA:15,3
DA:16,3
DA:17,3
DA:18,3
DA:19,3
DA:20,3
DA:21,1
DA:22,1
DA:23,4
DA:24,4
DA:25,4
DA:26,1
DA:27,1
DA:28,3
DA:29,3
DA:30,1
DA:31,1
DA:32,1
DA:33,4
DA:34,4
DA:35,4
DA:36,4
DA:37,4
DA:38,4
DA:39,4
DA:40,4
DA:41,4
DA:42,1
DA:43,1
DA:44,1
LF:44
LH:44
BRDA:44,0,0,1
BRDA:44,1,0,1
BRDA:44,2,0,0
BRDA:44,3,0,0
BRDA:44,4,0,0
BRDA:44,5,0,0
BRDA:44,6,0,1
BRDA:44,7,0,2
BRDA:44,8,0,2
BRDA:44,9,0,4
BRDA:44,10,0,11
BRDA:44,11,0,0
BRDA:44,12,0,4
BRDA:44,13,0,11
BRDA:44,14,0,1
BRDA:44,15,0,14
BRDA:44,16,0,3
BRDA:44,17,0,11
BRDA:44,18,0,4
BRDA:44,19,0,11
BRDA:44,20,0,0
BRDA:44,21,0,12
BRDA:44,22,0,15
BRDA:44,23,0,15
BRDA:44,24,0,0
BRDA:44,25,0,32
BRDA:44,26,0,0
BRDA:44,27,0,0
BRDA:44,28,0,0
BRDA:44,29,0,0
BRDA:44,30,0,15
BRDA:44,31,0,15
BRDA:44,32,0,11
BRDA:44,33,0,0
BRDA:44,34,0,0
BRDA:44,35,0,6
BRDA:44,36,0,0
BRDA:44,37,0,5
BRDA:44,38,0,4
BRDA:44,39,0,2
BRDA:44,40,0,0
BRDA:44,41,0,2
BRDA:44,42,0,0
BRDA:44,43,0,0
BRDA:44,44,0,0
BRDA:44,45,0,17
BRDA:44,46,0,1
BRDA:44,47,0,17
BRDA:44,48,0,4
BRDA:44,49,0,1
BRDA:44,50,0,3
BRDA:44,51,0,0
BRDA:44,52,0,1
BRDA:44,53,0,0
BRDA:13,54,0,1
BRDA:14,55,0,3
BRDA:22,56,0,4
BRDA:44,57,0,4
BRDA:44,58,0,17
BRDA:23,59,0,4
BRDA:44,60,0,4
BRDA:25,61,0,1
BRDA:27,62,0,3
BRDA:29,63,0,2
BRDA:29,64,0,1
BRDA:44,65,0,1
BRDA:35,66,0,3
BRDA:44,67,0,3
BRDA:44,68,0,3
BRF:69
BRH:49
end_of_record
